==================== Analisador Sitantico =======================
   1 function void shellSort(vector int vet, int tamanho) 

          Programa = Funcao Begin
               Funcao = 'function' Tipo NomeVar 'abrPar' Lparam 'fecPar' Escopo'
              [0001, 0008] (0023, FUNCTION            ) {function}
           Tipo = 'void
              [0001, 0013] (0025, VOID                ) {void}
           NomeVar = 'id' VectorF
              [0001, 0023] (0044, ID                  ) {shellSort}
           VectorF = épsilon
              [0001, 0023] (0037, ABR_PAR             ) {(}
           Lparam = Vector Tipo NomeVar LparamF
           Vector = 'vector' Vectorf
              [0001, 0030] (0033, VECTOR              ) {vector}
           VectorF = épsilon
           Tipo = 'int'
              [0001, 0034] (0029, INT                 ) {int}
           NomeVar = 'id' VectorF
              [0001, 0038] (0044, ID                  ) {vet}
           VectorF = épsilon
           LparamF = 'sepVirg' Lparam
              [0001, 0038] (0041, SEP_VIRG            ) {,}
           Lparam = Vector Tipo NomeVar LparamF
           Vector = épsilon
           Tipo = 'int'
              [0001, 0043] (0029, INT                 ) {int}
           NomeVar = 'id' VectorF
              [0001, 0051] (0044, ID                  ) {tamanho}
           VectorF = épsilon
           LparamF = 'sepVirg' Lparam
           LparamF = épsilon
              [0001, 0051] (0038, FEC_PAR             ) {)}
   2 {

           Escopo = 'abrCh' Comandos 'FecCh
              [0002, 0000] (0035, ABR_CH              ) {{}
   3    int i, j, value;

           Tipo = 'int'
              [0003, 0006] (0029, INT                 ) {int}
          Cmd = Tipo Decl 'SepPtv
           Tipo = NomeVar AtbDecl
           NomeVar = 'id' VectorF
              [0003, 0008] (0044, ID                  ) {i}
           VectorF = épsilon
           DeclR = 'sepVirg' Decl
              [0003, 0008] (0041, SEP_VIRG            ) {,}
           Tipo = NomeVar AtbDecl
           NomeVar = 'id' VectorF
              [0003, 0011] (0044, ID                  ) {j}
           VectorF = épsilon
           DeclR = 'sepVirg' Decl
              [0003, 0011] (0041, SEP_VIRG            ) {,}
           Tipo = NomeVar AtbDecl
           NomeVar = 'id' VectorF
              [0003, 0018] (0044, ID                  ) {value}
           VectorF = épsilon
           DeclR = 'épsilon
           AtbDecl = épsilon
           AtbDecl = épsilon
           AtbDecl = épsilon
              [0003, 0018] (0042, SEP_P_VIRG          ) {;}
   4    int h = 1;

           Tipo = 'int'
              [0004, 0006] (0029, INT                 ) {int}
          Cmd = Tipo Decl 'SepPtv
           Tipo = NomeVar AtbDecl
           NomeVar = 'id' VectorF
              [0004, 0008] (0044, ID                  ) {h}
           VectorF = épsilon
           DeclR = 'épsilon
           AtbDecl = 'atribuicao' e
              [0004, 0009] (0017, ATRIBUICAO          ) {=}
==================== Analisador Sitantico =======================
   1 function void shellSort(vector int vet, int tamanho) 

          Programa = Funcao Begin
               Funcao = 'function' Tipo NomeVar 'abrPar' Lparam 'fecPar' Escopo'
              [0001, 0008] (0023, FUNCTION            ) {function}
           Tipo = 'void
              [0001, 0013] (0025, VOID                ) {void}
           NomeVar = 'id' VectorF
              [0001, 0023] (0044, ID                  ) {shellSort}
           VectorF = épsilon
              [0001, 0023] (0037, ABR_PAR             ) {(}
           Lparam = Vector Tipo NomeVar LparamF
           Vector = 'vector' Vectorf
              [0001, 0030] (0033, VECTOR              ) {vector}
           VectorF = épsilon
           Tipo = 'int'
              [0001, 0034] (0029, INT                 ) {int}
           NomeVar = 'id' VectorF
              [0001, 0038] (0044, ID                  ) {vet}
           VectorF = épsilon
           LparamF = 'sepVirg' Lparam
              [0001, 0038] (0041, SEP_VIRG            ) {,}
           Lparam = Vector Tipo NomeVar LparamF
           Vector = épsilon
           Tipo = 'int'
              [0001, 0043] (0029, INT                 ) {int}
           NomeVar = 'id' VectorF
              [0001, 0051] (0044, ID                  ) {tamanho}
           VectorF = épsilon
           LparamF = 'sepVirg' Lparam
           LparamF = épsilon
              [0001, 0051] (0038, FEC_PAR             ) {)}
   2 {

           Escopo = 'abrCh' Comandos 'FecCh
              [0002, 0000] (0035, ABR_CH              ) {{}
   3    int i, j, value;

           Tipo = 'int'
              [0003, 0006] (0029, INT                 ) {int}
          Cmd = Tipo Decl 'SepPtv
           Tipo = NomeVar AtbDecl
           NomeVar = 'id' VectorF
              [0003, 0008] (0044, ID                  ) {i}
           VectorF = épsilon
           DeclR = 'sepVirg' Decl
              [0003, 0008] (0041, SEP_VIRG            ) {,}
           Tipo = NomeVar AtbDecl
           NomeVar = 'id' VectorF
              [0003, 0011] (0044, ID                  ) {j}
           VectorF = épsilon
           DeclR = 'sepVirg' Decl
              [0003, 0011] (0041, SEP_VIRG            ) {,}
           Tipo = NomeVar AtbDecl
           NomeVar = 'id' VectorF
              [0003, 0018] (0044, ID                  ) {value}
           VectorF = épsilon
           DeclR = 'épsilon
           AtbDecl = épsilon
           AtbDecl = épsilon
           AtbDecl = épsilon
              [0003, 0018] (0042, SEP_P_VIRG          ) {;}
   4    int h = 1;

           Tipo = 'int'
              [0004, 0006] (0029, INT                 ) {int}
          Cmd = Tipo Decl 'SepPtv
           Tipo = NomeVar AtbDecl
           NomeVar = 'id' VectorF
              [0004, 0008] (0044, ID                  ) {h}
           VectorF = épsilon
           DeclR = 'épsilon
           AtbDecl = 'atribuicao' e
              [0004, 0009] (0017, ATRIBUICAO          ) {=}
==================== Analisador Sitantico =======================
   1 function void shellSort(vector int vet, int tamanho) 

          Programa = Funcao Begin
               Funcao = 'function' Tipo NomeVar 'abrPar' Lparam 'fecPar' Escopo'
              [0001, 0008] (0023, FUNCTION            ) {function}
           Tipo = 'void
              [0001, 0013] (0025, VOID                ) {void}
           NomeVar = 'id' VectorF
              [0001, 0023] (0044, ID                  ) {shellSort}
           VectorF = épsilon
              [0001, 0023] (0037, ABR_PAR             ) {(}
           Lparam = Vector Tipo NomeVar LparamF
           Vector = 'vector' Vectorf
              [0001, 0030] (0033, VECTOR              ) {vector}
           VectorF = épsilon
           Tipo = 'int'
              [0001, 0034] (0029, INT                 ) {int}
           NomeVar = 'id' VectorF
              [0001, 0038] (0044, ID                  ) {vet}
           VectorF = épsilon
           LparamF = 'sepVirg' Lparam
              [0001, 0038] (0041, SEP_VIRG            ) {,}
           Lparam = Vector Tipo NomeVar LparamF
           Vector = épsilon
           Tipo = 'int'
              [0001, 0043] (0029, INT                 ) {int}
           NomeVar = 'id' VectorF
              [0001, 0051] (0044, ID                  ) {tamanho}
           VectorF = épsilon
           LparamF = 'sepVirg' Lparam
           LparamF = épsilon
              [0001, 0051] (0038, FEC_PAR             ) {)}
   2 {

           Escopo = 'abrCh' Comandos 'FecCh
              [0002, 0000] (0035, ABR_CH              ) {{}
   3    int i, j, value;

           Tipo = 'int'
              [0003, 0006] (0029, INT                 ) {int}
          Cmd = Tipo Decl 'SepPtv
           Tipo = NomeVar AtbDecl
           NomeVar = 'id' VectorF
              [0003, 0008] (0044, ID                  ) {i}
           VectorF = épsilon
           DeclR = 'sepVirg' Decl
              [0003, 0008] (0041, SEP_VIRG            ) {,}
           Tipo = NomeVar AtbDecl
           NomeVar = 'id' VectorF
              [0003, 0011] (0044, ID                  ) {j}
           VectorF = épsilon
           DeclR = 'sepVirg' Decl
              [0003, 0011] (0041, SEP_VIRG            ) {,}
           Tipo = NomeVar AtbDecl
           NomeVar = 'id' VectorF
              [0003, 0018] (0044, ID                  ) {value}
           VectorF = épsilon
           DeclR = 'épsilon
           AtbDecl = épsilon
           AtbDecl = épsilon
           AtbDecl = épsilon
              [0003, 0018] (0042, SEP_P_VIRG          ) {;}
   4    int h = 1;

           Tipo = 'int'
              [0004, 0006] (0029, INT                 ) {int}
          Cmd = Tipo Decl 'SepPtv
           Tipo = NomeVar AtbDecl
           NomeVar = 'id' VectorF
              [0004, 0008] (0044, ID                  ) {h}
           VectorF = épsilon
           DeclR = 'épsilon
           AtbDecl = 'atribuicao' e
              [0004, 0009] (0017, ATRIBUICAO          ) {=}
           E = Eb Ebr
           Eb = Tb Ebr
           Tb = Fb Tbr
           Fb = RelUm
           RelUm = RelDois RelUmF
           RelDois = Concat RelDoisF
           Concat = Ea ConcatR
           Ea = Ta Ear
           Ta = Unario Tar
           Unario = Fa
           Fa = 'constInt'
              [0004, 0012] (0048, CONST_INT           ) {1}
           Tar = épsilon
           Ear = épsilon
           ConcatR = épsilon
           RelUmf = épsilon
           Tbr = épsilon
           Ebr = épsilon
           Ebr = épsilon
              [0004, 0012] (0042, SEP_P_VIRG          ) {;}
   5    

   6    while(h < tamanho)

           Comandos = Cmd Comandos
           Cmd = While
           While = 'while' 'abrPar' E 'fecPar' Escopo
              [0006, 0008] (0020, WHILE               ) {while}
              [0006, 0008] (0037, ABR_PAR             ) {(}
           E = Eb Ebr
           Eb = Tb Ebr
           Tb = Fb Tbr
           Fb = RelUm
           RelUm = RelDois RelUmF
           RelDois = Concat RelDoisF
           Concat = Ea ConcatR
           Ea = Ta Ear
           Ta = Unario Tar
           Unario = Fa
           Fa = 'Id' Far
              [0006, 0010] (0044, ID                  ) {h}
           Far = VectorF
           VectorF = épsilon
           Tar = épsilon
           Ear = épsilon
           ConcatR = épsilon
           RelUmF = 'opMe' RelDois
              [0006, 0010] (0011, OP_ME               ) {<}
           RelDois = Concat RelDoisF
           Concat = Ea ConcatR
           Ea = Ta Ear
           Ta = Unario Tar
           Unario = Fa
           Fa = 'Id' Far
              [0006, 0020] (0044, ID                  ) {tamanho}
           Far = VectorF
           VectorF = épsilon
           Tar = épsilon
           Ear = épsilon
           ConcatR = épsilon
           Tbr = épsilon
           Ebr = épsilon
           Ebr = épsilon
              [0006, 0020] (0038, FEC_PAR             ) {)}
   7    {

           Escopo = 'abrCh' Comandos 'FecCh
              [0007, 0003] (0035, ABR_CH              ) {{}
   8         h = 3 * h + 1;

           Comandos = Cmd Comandos
           Cmd = 'id' CmdF 'sepPtv'
              [0008, 0009] (0044, ID                  ) {h}
           CmdF = Atribuicao
           Atribuicao = 'atribuicao' e
              [0008, 0010] (0017, ATRIBUICAO          ) {=}
           E = Eb Ebr
           Eb = Tb Ebr
           Tb = Fb Tbr
           Fb = RelUm
           RelUm = RelDois RelUmF
           RelDois = Concat RelDoisF
           Concat = Ea ConcatR
           Ea = Ta Ear
           Ta = Unario Tar
           Unario = Fa
           Fa = 'constInt'
              [0008, 0013] (0048, CONST_INT           ) {3}
           Opm = 'opMult'
              [0008, 0014] (0003, OP_MULT             ) {*}
           Tar = Opm Unario Tar
           Unario = Fa
           Fa = 'Id' Far
              [0008, 0017] (0044, ID                  ) {h}
           Far = VectorF
           VectorF = épsilon
           Tar = épsilon
           Opa = 'opAdd'
              [0008, 0018] (0001, OP_ADD              ) {+}
           Ear = ta Ear
           Ta = Unario Tar
           Unario = Fa
           Fa = 'constInt'
              [0008, 0021] (0048, CONST_INT           ) {1}
           Tar = épsilon
           Ear = épsilon
           ConcatR = épsilon
           RelUmf = épsilon
           Tbr = épsilon
           Ebr = épsilon
           Ebr = épsilon
              [0008, 0021] (0042, SEP_P_VIRG          ) {;}
   9    }

           Comandos = épsilon
              [0009, 0003] (0036, FEC_CH              ) {}}
  10    

  11 

  12    while (h > 0)

           Comandos = Cmd Comandos
           Cmd = While
           While = 'while' 'abrPar' E 'fecPar' Escopo
              [0012, 0008] (0020, WHILE               ) {while}
              [0012, 0009] (0037, ABR_PAR             ) {(}
           E = Eb Ebr
           Eb = Tb Ebr
           Tb = Fb Tbr
           Fb = RelUm
           RelUm = RelDois RelUmF
           RelDois = Concat RelDoisF
           Concat = Ea ConcatR
           Ea = Ta Ear
           Ta = Unario Tar
           Unario = Fa
           Fa = 'Id' Far
              [0012, 0011] (0044, ID                  ) {h}
           Far = VectorF
           VectorF = épsilon
           Tar = épsilon
           Ear = épsilon
           ConcatR = épsilon
           RelUmF = 'opMa' RelDois
              [0012, 0012] (0012, OP_MA               ) {>}
           RelDois = Concat RelDoisF
           Concat = Ea ConcatR
           Ea = Ta Ear
           Ta = Unario Tar
           Unario = Fa
           Fa = 'constInt'
              [0012, 0015] (0048, CONST_INT           ) {0}
           Tar = épsilon
           Ear = épsilon
           ConcatR = épsilon
           Tbr = épsilon
           Ebr = épsilon
           Ebr = épsilon
              [0012, 0015] (0038, FEC_PAR             ) {)}
  13    {

           Escopo = 'abrCh' Comandos 'FecCh
              [0013, 0003] (0035, ABR_CH              ) {{}
  14 

  15        for (i in h to tamanho do)

           Comandos = Cmd Comandos
           Cmd = For
           For = 'for' 'abrPar' NomeVar 'in' E 'to' E 'do' Escopo
              [0015, 0010] (0021, FOR                 ) {for}
              [0015, 0011] (0037, ABR_PAR             ) {(}
           NomeVar = 'id' VectorF
              [0015, 0013] (0044, ID                  ) {i}
           VectorF = épsilon
              [0015, 0016] (0053, IN                  ) {in}
           E = Eb Ebr
           Eb = Tb Ebr
           Tb = Fb Tbr
           Fb = RelUm
           RelUm = RelDois RelUmF
           RelDois = Concat RelDoisF
           Concat = Ea ConcatR
           Ea = Ta Ear
           Ta = Unario Tar
           Unario = Fa
           Fa = 'Id' Far
              [0015, 0018] (0044, ID                  ) {h}
           Far = VectorF
           VectorF = épsilon
           Tar = épsilon
           Ear = épsilon
           ConcatR = épsilon
           RelUmf = épsilon
           Tbr = épsilon
           Ebr = épsilon
           Ebr = épsilon
              [0015, 0021] (0054, TO                  ) {to}
           E = Eb Ebr
           Eb = Tb Ebr
           Tb = Fb Tbr
           Fb = RelUm
           RelUm = RelDois RelUmF
           RelDois = Concat RelDoisF
           Concat = Ea ConcatR
           Ea = Ta Ear
           Ta = Unario Tar
           Unario = Fa
           Fa = 'Id' Far
              [0015, 0029] (0044, ID                  ) {tamanho}
           Far = VectorF
           VectorF = épsilon
           Tar = épsilon
           Ear = épsilon
           ConcatR = épsilon
           RelUmf = épsilon
           Tbr = épsilon
           Ebr = épsilon
           Ebr = épsilon
              [0015, 0032] (0055, DO                  ) {do}
              [0015, 0032] (0038, FEC_PAR             ) {)}
  16        {

           Escopo = 'abrCh' Comandos 'FecCh
              [0016, 0007] (0035, ABR_CH              ) {{}
  17             value = vet[i];

           Comandos = Cmd Comandos
           Cmd = 'id' CmdF 'sepPtv'
              [0017, 0017] (0044, ID                  ) {value}
           CmdF = Atribuicao
           Atribuicao = 'atribuicao' e
              [0017, 0018] (0017, ATRIBUICAO          ) {=}
           E = Eb Ebr
           Eb = Tb Ebr
           Tb = Fb Tbr
           Fb = RelUm
           RelUm = RelDois RelUmF
           RelDois = Concat RelDoisF
           Concat = Ea ConcatR
           Ea = Ta Ear
           Ta = Unario Tar
           Unario = Fa
           Fa = 'Id' Far
              [0017, 0023] (0044, ID                  ) {vet}
           Far = VectorF
           VectorF = 'abrCoc' e 'fecCoc'
              [0017, 0023] (0039, ABR_COC             ) {[}
           E = Eb Ebr
           Eb = Tb Ebr
           Tb = Fb Tbr
           Fb = RelUm
           RelUm = RelDois RelUmF
           RelDois = Concat RelDoisF
           Concat = Ea ConcatR
           Ea = Ta Ear
           Ta = Unario Tar
           Unario = Fa
           Fa = 'Id' Far
              [0017, 0025] (0044, ID                  ) {i}
           Far = VectorF
           VectorF = épsilon
           Tar = épsilon
           Ear = épsilon
           ConcatR = épsilon
           RelUmf = épsilon
           Tbr = épsilon
           Ebr = épsilon
           Ebr = épsilon
              [0017, 0025] (0040, FEC_COC             ) {]}
           Tar = épsilon
           Ear = épsilon
           ConcatR = épsilon
           RelUmf = épsilon
           Tbr = épsilon
           Ebr = épsilon
           Ebr = épsilon
              [0017, 0026] (0042, SEP_P_VIRG          ) {;}
  18             j = i;

           Comandos = Cmd Comandos
           Cmd = 'id' CmdF 'sepPtv'
              [0018, 0013] (0044, ID                  ) {j}
           CmdF = Atribuicao
           Atribuicao = 'atribuicao' e
              [0018, 0014] (0017, ATRIBUICAO          ) {=}
           E = Eb Ebr
           Eb = Tb Ebr
           Tb = Fb Tbr
           Fb = RelUm
           RelUm = RelDois RelUmF
           RelDois = Concat RelDoisF
           Concat = Ea ConcatR
           Ea = Ta Ear
           Ta = Unario Tar
           Unario = Fa
           Fa = 'Id' Far
              [0018, 0017] (0044, ID                  ) {i}
           Far = VectorF
           VectorF = épsilon
           Tar = épsilon
           Ear = épsilon
           ConcatR = épsilon
           RelUmf = épsilon
           Tbr = épsilon
           Ebr = épsilon
           Ebr = épsilon
              [0018, 0017] (0042, SEP_P_VIRG          ) {;}
  19             while (j > h-1 && value <= vet[j - h]) 

           Comandos = Cmd Comandos
           Cmd = While
           While = 'while' 'abrPar' E 'fecPar' Escopo
              [0019, 0017] (0020, WHILE               ) {while}
              [0019, 0018] (0037, ABR_PAR             ) {(}
           E = Eb Ebr
           Eb = Tb Ebr
           Tb = Fb Tbr
           Fb = RelUm
           RelUm = RelDois RelUmF
           RelDois = Concat RelDoisF
           Concat = Ea ConcatR
           Ea = Ta Ear
           Ta = Unario Tar
           Unario = Fa
           Fa = 'Id' Far
              [0019, 0020] (0044, ID                  ) {j}
           Far = VectorF
           VectorF = épsilon
           Tar = épsilon
           Ear = épsilon
           ConcatR = épsilon
           RelUmF = 'opMa' RelDois
              [0019, 0021] (0012, OP_MA               ) {>}
           RelDois = Concat RelDoisF
           Concat = Ea ConcatR
           Ea = Ta Ear
           Ta = Unario Tar
           Unario = Fa
           Fa = 'Id' Far
              [0019, 0024] (0044, ID                  ) {h}
           Far = VectorF
           VectorF = épsilon
           Tar = épsilon
           Opa = 'opSub'
              [0019, 0024] (0002, OP_SUB              ) {-}
           Ear = ta Ear
           Ta = Unario Tar
           Unario = Fa
           Fa = 'constInt'
              [0019, 0026] (0048, CONST_INT           ) {1}
           Tar = épsilon
           Ear = épsilon
           ConcatR = épsilon
           Tbr = 'opAnd' Fb Tbr
              [0019, 0027] (0014, OP_AND              ) {&&}
           Fb = RelUm
           RelUm = RelDois RelUmF
           RelDois = Concat RelDoisF
           Concat = Ea ConcatR
           Ea = Ta Ear
           Ta = Unario Tar
           Unario = Fa
           Fa = 'Id' Far
              [0019, 0035] (0044, ID                  ) {value}
           Far = VectorF
           VectorF = épsilon
           Tar = épsilon
           Ear = épsilon
           ConcatR = épsilon
           RelUmF = 'opMeigu' RelDois
              [0019, 0036] (0010, OP_MEIGU            ) {<=}
           RelDois = Concat RelDoisF
           Concat = Ea ConcatR
           Ea = Ta Ear
           Ta = Unario Tar
           Unario = Fa
           Fa = 'Id' Far
              [0019, 0042] (0044, ID                  ) {vet}
           Far = VectorF
           VectorF = 'abrCoc' e 'fecCoc'
              [0019, 0042] (0039, ABR_COC             ) {[}
           E = Eb Ebr
           Eb = Tb Ebr
           Tb = Fb Tbr
           Fb = RelUm
           RelUm = RelDois RelUmF
           RelDois = Concat RelDoisF
           Concat = Ea ConcatR
           Ea = Ta Ear
           Ta = Unario Tar
           Unario = Fa
           Fa = 'Id' Far
              [0019, 0044] (0044, ID                  ) {j}
           Far = VectorF
           VectorF = épsilon
           Tar = épsilon
           Opa = 'opSub'
              [0019, 0045] (0002, OP_SUB              ) {-}
           Ear = ta Ear
           Ta = Unario Tar
           Unario = Fa
           Fa = 'Id' Far
              [0019, 0048] (0044, ID                  ) {h}
           Far = VectorF
           VectorF = épsilon
           Tar = épsilon
           Ear = épsilon
           ConcatR = épsilon
           RelUmf = épsilon
           Tbr = épsilon
           Ebr = épsilon
           Ebr = épsilon
              [0019, 0048] (0040, FEC_COC             ) {]}
           Tar = épsilon
           Ear = épsilon
           ConcatR = épsilon
           Tbr = épsilon
           Ebr = épsilon
           Ebr = épsilon
              [0019, 0049] (0038, FEC_PAR             ) {)}
  20             {

           Escopo = 'abrCh' Comandos 'FecCh
              [0020, 0012] (0035, ABR_CH              ) {{}
  21                 vet[j] = vet [j - h];

           Comandos = Cmd Comandos
           Cmd = 'id' CmdF 'sepPtv'
              [0021, 0019] (0044, ID                  ) {vet}
           CmdF = 'abrCoc' e 'fecCoc' Atribuicao
              [0021, 0019] (0039, ABR_COC             ) {[}
           E = Eb Ebr
           Eb = Tb Ebr
           Tb = Fb Tbr
           Fb = RelUm
           RelUm = RelDois RelUmF
           RelDois = Concat RelDoisF
           Concat = Ea ConcatR
           Ea = Ta Ear
           Ta = Unario Tar
           Unario = Fa
           Fa = 'Id' Far
              [0021, 0021] (0044, ID                  ) {j}
           Far = VectorF
           VectorF = épsilon
           Tar = épsilon
           Ear = épsilon
           ConcatR = épsilon
           RelUmf = épsilon
           Tbr = épsilon
           Ebr = épsilon
           Ebr = épsilon
              [0021, 0021] (0040, FEC_COC             ) {]}
           Atribuicao = 'atribuicao' e
              [0021, 0023] (0017, ATRIBUICAO          ) {=}
           E = Eb Ebr
           Eb = Tb Ebr
           Tb = Fb Tbr
           Fb = RelUm
           RelUm = RelDois RelUmF
           RelDois = Concat RelDoisF
           Concat = Ea ConcatR
           Ea = Ta Ear
           Ta = Unario Tar
           Unario = Fa
           Fa = 'Id' Far
              [0021, 0028] (0044, ID                  ) {vet}
           Far = VectorF
           VectorF = 'abrCoc' e 'fecCoc'
              [0021, 0029] (0039, ABR_COC             ) {[}
           E = Eb Ebr
           Eb = Tb Ebr
           Tb = Fb Tbr
           Fb = RelUm
           RelUm = RelDois RelUmF
           RelDois = Concat RelDoisF
           Concat = Ea ConcatR
           Ea = Ta Ear
           Ta = Unario Tar
           Unario = Fa
           Fa = 'Id' Far
              [0021, 0031] (0044, ID                  ) {j}
           Far = VectorF
           VectorF = épsilon
           Tar = épsilon
           Opa = 'opSub'
              [0021, 0032] (0002, OP_SUB              ) {-}
           Ear = ta Ear
           Ta = Unario Tar
           Unario = Fa
           Fa = 'Id' Far
              [0021, 0035] (0044, ID                  ) {h}
           Far = VectorF
           VectorF = épsilon
           Tar = épsilon
           Ear = épsilon
           ConcatR = épsilon
           RelUmf = épsilon
           Tbr = épsilon
           Ebr = épsilon
           Ebr = épsilon
              [0021, 0035] (0040, FEC_COC             ) {]}
           Tar = épsilon
           Ear = épsilon
           ConcatR = épsilon
           RelUmf = épsilon
           Tbr = épsilon
           Ebr = épsilon
           Ebr = épsilon
              [0021, 0036] (0042, SEP_P_VIRG          ) {;}
  22                 j = j - h;

           Comandos = Cmd Comandos
           Cmd = 'id' CmdF 'sepPtv'
              [0022, 0017] (0044, ID                  ) {j}
           CmdF = Atribuicao
           Atribuicao = 'atribuicao' e
              [0022, 0018] (0017, ATRIBUICAO          ) {=}
           E = Eb Ebr
           Eb = Tb Ebr
           Tb = Fb Tbr
           Fb = RelUm
           RelUm = RelDois RelUmF
           RelDois = Concat RelDoisF
           Concat = Ea ConcatR
           Ea = Ta Ear
           Ta = Unario Tar
           Unario = Fa
           Fa = 'Id' Far
              [0022, 0021] (0044, ID                  ) {j}
           Far = VectorF
           VectorF = épsilon
           Tar = épsilon
           Opa = 'opSub'
              [0022, 0022] (0002, OP_SUB              ) {-}
           Ear = ta Ear
           Ta = Unario Tar
           Unario = Fa
           Fa = 'Id' Far
              [0022, 0025] (0044, ID                  ) {h}
           Far = VectorF
           VectorF = épsilon
           Tar = épsilon
           Ear = épsilon
           ConcatR = épsilon
           RelUmf = épsilon
           Tbr = épsilon
           Ebr = épsilon
           Ebr = épsilon
              [0022, 0025] (0042, SEP_P_VIRG          ) {;}
  23             }

           Comandos = épsilon
              [0023, 0012] (0036, FEC_CH              ) {}}
  24             vet[j] = value;

           Comandos = Cmd Comandos
           Cmd = 'id' CmdF 'sepPtv'
              [0024, 0015] (0044, ID                  ) {vet}
           CmdF = 'abrCoc' e 'fecCoc' Atribuicao
              [0024, 0015] (0039, ABR_COC             ) {[}
           E = Eb Ebr
           Eb = Tb Ebr
           Tb = Fb Tbr
           Fb = RelUm
           RelUm = RelDois RelUmF
           RelDois = Concat RelDoisF
           Concat = Ea ConcatR
           Ea = Ta Ear
           Ta = Unario Tar
           Unario = Fa
           Fa = 'Id' Far
              [0024, 0017] (0044, ID                  ) {j}
           Far = VectorF
           VectorF = épsilon
           Tar = épsilon
           Ear = épsilon
           ConcatR = épsilon
           RelUmf = épsilon
           Tbr = épsilon
           Ebr = épsilon
           Ebr = épsilon
              [0024, 0017] (0040, FEC_COC             ) {]}
           Atribuicao = 'atribuicao' e
              [0024, 0019] (0017, ATRIBUICAO          ) {=}
           E = Eb Ebr
           Eb = Tb Ebr
           Tb = Fb Tbr
           Fb = RelUm
           RelUm = RelDois RelUmF
           RelDois = Concat RelDoisF
           Concat = Ea ConcatR
           Ea = Ta Ear
           Ta = Unario Tar
           Unario = Fa
           Fa = 'Id' Far
              [0024, 0026] (0044, ID                  ) {value}
           Far = VectorF
           VectorF = épsilon
           Tar = épsilon
           Ear = épsilon
           ConcatR = épsilon
           RelUmf = épsilon
           Tbr = épsilon
           Ebr = épsilon
           Ebr = épsilon
              [0024, 0026] (0042, SEP_P_VIRG          ) {;}
  25        }

           Comandos = épsilon
              [0025, 0007] (0036, FEC_CH              ) {}}
  26        h = h/3;

           Comandos = Cmd Comandos
           Cmd = 'id' CmdF 'sepPtv'
              [0026, 0008] (0044, ID                  ) {h}
           CmdF = Atribuicao
           Atribuicao = 'atribuicao' e
              [0026, 0009] (0017, ATRIBUICAO          ) {=}
           E = Eb Ebr
           Eb = Tb Ebr
           Tb = Fb Tbr
           Fb = RelUm
           RelUm = RelDois RelUmF
           RelDois = Concat RelDoisF
           Concat = Ea ConcatR
           Ea = Ta Ear
           Ta = Unario Tar
           Unario = Fa
           Fa = 'Id' Far
              [0026, 0012] (0044, ID                  ) {h}
           Far = VectorF
           VectorF = épsilon
           Opm = 'opDiv'
              [0026, 0012] (0004, OP_DIV              ) {/}
           Tar = Opm Unario Tar
           Unario = Fa
           Fa = 'constInt'
              [0026, 0014] (0048, CONST_INT           ) {3}
           Tar = épsilon
           Ear = épsilon
           ConcatR = épsilon
           RelUmf = épsilon
           Tbr = épsilon
           Ebr = épsilon
           Ebr = épsilon
              [0026, 0014] (0042, SEP_P_VIRG          ) {;}
  27    }

           Comandos = épsilon
              [0027, 0003] (0036, FEC_CH              ) {}}
  28    return vet;

         Comandos = Cmd Comandos
         Cmd = 'return' e 'sepPtv
              [0028, 0009] (0024, RETURN              ) {return}
           E = Eb Ebr
           Eb = Tb Ebr
           Tb = Fb Tbr
           Fb = RelUm
           RelUm = RelDois RelUmF
           RelDois = Concat RelDoisF
           Concat = Ea ConcatR
           Ea = Ta Ear
           Ta = Unario Tar
           Unario = Fa
           Fa = 'Id' Far
              [0028, 0013] (0044, ID                  ) {vet}
           Far = VectorF
           VectorF = épsilon
           Tar = épsilon
           Ear = épsilon
           ConcatR = épsilon
           RelUmf = épsilon
           Tbr = épsilon
           Ebr = épsilon
           Ebr = épsilon
              [0028, 0013] (0042, SEP_P_VIRG          ) {;}
  29 }

           Comandos = épsilon
              [0029, 0000] (0036, FEC_CH              ) {}}
  30        

  31 

  32    

  33 

  34   

  35 void begin()

          Funcao = épsilon
          Begin = 'void' 'begin' 'abrpar' 'fecpar' Escopo
              [0035, 0004] (0025, VOID                ) {void}
              [0035, 0010] (0022, BEGIN               ) {begin}
              [0035, 0010] (0037, ABR_PAR             ) {(}
              [0035, 0011] (0038, FEC_PAR             ) {)}
  36 {

           Escopo = 'abrCh' Comandos 'FecCh
              [0036, 0000] (0035, ABR_CH              ) {{}
  37   

  38    

  39    int tam;

           Tipo = 'int'
              [0039, 0006] (0029, INT                 ) {int}
          Cmd = Tipo Decl 'SepPtv
           Tipo = NomeVar AtbDecl
           NomeVar = 'id' VectorF
              [0039, 0010] (0044, ID                  ) {tam}
           VectorF = épsilon
           DeclR = 'épsilon
           AtbDecl = épsilon
              [0039, 0010] (0042, SEP_P_VIRG          ) {;}
  40    read('%d', tam);

           Comandos = Cmd Comandos
           Cmd = Read
            Read = 'read' 'abrPar' 'simpleAsp' 'cadCaracter' 'simpleAsp' 'sepVir' NomeVar 'fecPar' 'SepPVirg'
              [0040, 0007] (0026, READ                ) {read}
              [0040, 0007] (0037, ABR_PAR             ) {(}
              [0040, 0008] (0043, SIMPLE_ASP          ) {'}
              [0040, 0009] (0047, CAD_CARACTER        ) {%d}
              [0040, 0011] (0043, SIMPLE_ASP          ) {'}
              [0040, 0012] (0041, SEP_VIRG            ) {,}
           NomeVar = 'id' VectorF
              [0040, 0017] (0044, ID                  ) {tam}
           VectorF = épsilon
              [0040, 0017] (0038, FEC_PAR             ) {)}
              [0040, 0018] (0042, SEP_P_VIRG          ) {;}
  41    vector int vetor[tam];

           Comandos = Cmd Comandos
          Cmd = VectorDecl Tipo Decl
           VectorDecl = 'vector' Tipo Decl
              [0041, 0009] (0033, VECTOR              ) {vector}
           Tipo = 'int'
              [0041, 0013] (0029, INT                 ) {int}
           NomeVar = 'id' VectorF
              [0041, 0019] (0044, ID                  ) {vetor}
           VectorF = 'abrCoc' e 'fecCoc'
              [0041, 0019] (0039, ABR_COC             ) {[}
           E = Eb Ebr
           Eb = Tb Ebr
           Tb = Fb Tbr
           Fb = RelUm
           RelUm = RelDois RelUmF
           RelDois = Concat RelDoisF
           Concat = Ea ConcatR
           Ea = Ta Ear
           Ta = Unario Tar
           Unario = Fa
           Fa = 'Id' Far
              [0041, 0023] (0044, ID                  ) {tam}
           Far = VectorF
           VectorF = épsilon
           Tar = épsilon
           Ear = épsilon
           ConcatR = épsilon
           RelUmf = épsilon
           Tbr = épsilon
           Ebr = épsilon
           Ebr = épsilon
              [0041, 0023] (0040, FEC_COC             ) {]}
           AtbDecl = épsilon
              [0041, 0024] (0042, SEP_P_VIRG          ) {;}
  42    

  43 

  44    for(i in 1 to tam do){

           Comandos = Cmd Comandos
           Cmd = For
           For = 'for' 'abrPar' NomeVar 'in' E 'to' E 'do' Escopo
              [0044, 0006] (0021, FOR                 ) {for}
              [0044, 0006] (0037, ABR_PAR             ) {(}
           NomeVar = 'id' VectorF
              [0044, 0008] (0044, ID                  ) {i}
           VectorF = épsilon
              [0044, 0011] (0053, IN                  ) {in}
           E = Eb Ebr
           Eb = Tb Ebr
           Tb = Fb Tbr
           Fb = RelUm
           RelUm = RelDois RelUmF
           RelDois = Concat RelDoisF
           Concat = Ea ConcatR
           Ea = Ta Ear
           Ta = Unario Tar
           Unario = Fa
           Fa = 'constInt'
              [0044, 0013] (0048, CONST_INT           ) {1}
           Tar = épsilon
           Ear = épsilon
           ConcatR = épsilon
           RelUmf = épsilon
           Tbr = épsilon
           Ebr = épsilon
           Ebr = épsilon
              [0044, 0016] (0054, TO                  ) {to}
           E = Eb Ebr
           Eb = Tb Ebr
           Tb = Fb Tbr
           Fb = RelUm
           RelUm = RelDois RelUmF
           RelDois = Concat RelDoisF
           Concat = Ea ConcatR
           Ea = Ta Ear
           Ta = Unario Tar
           Unario = Fa
           Fa = 'Id' Far
              [0044, 0020] (0044, ID                  ) {tam}
           Far = VectorF
           VectorF = épsilon
           Tar = épsilon
           Ear = épsilon
           ConcatR = épsilon
           RelUmf = épsilon
           Tbr = épsilon
           Ebr = épsilon
           Ebr = épsilon
              [0044, 0023] (0055, DO                  ) {do}
              [0044, 0023] (0038, FEC_PAR             ) {)}
           Escopo = 'abrCh' Comandos 'FecCh
              [0044, 0024] (0035, ABR_CH              ) {{}
  45         read('%d' , vetor[i]);

           Comandos = Cmd Comandos
           Cmd = Read
            Read = 'read' 'abrPar' 'simpleAsp' 'cadCaracter' 'simpleAsp' 'sepVir' NomeVar 'fecPar' 'SepPVirg'
              [0045, 0012] (0026, READ                ) {read}
              [0045, 0012] (0037, ABR_PAR             ) {(}
              [0045, 0013] (0043, SIMPLE_ASP          ) {'}
              [0045, 0014] (0047, CAD_CARACTER        ) {%d}
              [0045, 0016] (0043, SIMPLE_ASP          ) {'}
              [0045, 0018] (0041, SEP_VIRG            ) {,}
           NomeVar = 'id' VectorF
              [0045, 0025] (0044, ID                  ) {vetor}
           VectorF = 'abrCoc' e 'fecCoc'
              [0045, 0025] (0039, ABR_COC             ) {[}
           E = Eb Ebr
           Eb = Tb Ebr
           Tb = Fb Tbr
           Fb = RelUm
           RelUm = RelDois RelUmF
           RelDois = Concat RelDoisF
           Concat = Ea ConcatR
           Ea = Ta Ear
           Ta = Unario Tar
           Unario = Fa
           Fa = 'Id' Far
              [0045, 0027] (0044, ID                  ) {i}
           Far = VectorF
           VectorF = épsilon
           Tar = épsilon
           Ear = épsilon
           ConcatR = épsilon
           RelUmf = épsilon
           Tbr = épsilon
           Ebr = épsilon
           Ebr = épsilon
              [0045, 0027] (0040, FEC_COC             ) {]}
              [0045, 0028] (0038, FEC_PAR             ) {)}
              [0045, 0029] (0042, SEP_P_VIRG          ) {;}
  46    }

           Comandos = épsilon
              [0046, 0003] (0036, FEC_CH              ) {}}
  47 

  48    for(i in 1 to tam do){

           Comandos = Cmd Comandos
           Cmd = For
           For = 'for' 'abrPar' NomeVar 'in' E 'to' E 'do' Escopo
              [0048, 0006] (0021, FOR                 ) {for}
              [0048, 0006] (0037, ABR_PAR             ) {(}
           NomeVar = 'id' VectorF
              [0048, 0008] (0044, ID                  ) {i}
           VectorF = épsilon
              [0048, 0011] (0053, IN                  ) {in}
           E = Eb Ebr
           Eb = Tb Ebr
           Tb = Fb Tbr
           Fb = RelUm
           RelUm = RelDois RelUmF
           RelDois = Concat RelDoisF
           Concat = Ea ConcatR
           Ea = Ta Ear
           Ta = Unario Tar
           Unario = Fa
           Fa = 'constInt'
              [0048, 0013] (0048, CONST_INT           ) {1}
           Tar = épsilon
           Ear = épsilon
           ConcatR = épsilon
           RelUmf = épsilon
           Tbr = épsilon
           Ebr = épsilon
           Ebr = épsilon
              [0048, 0016] (0054, TO                  ) {to}
           E = Eb Ebr
           Eb = Tb Ebr
           Tb = Fb Tbr
           Fb = RelUm
           RelUm = RelDois RelUmF
           RelDois = Concat RelDoisF
           Concat = Ea ConcatR
           Ea = Ta Ear
           Ta = Unario Tar
           Unario = Fa
           Fa = 'Id' Far
              [0048, 0020] (0044, ID                  ) {tam}
           Far = VectorF
           VectorF = épsilon
           Tar = épsilon
           Ear = épsilon
           ConcatR = épsilon
           RelUmf = épsilon
           Tbr = épsilon
           Ebr = épsilon
           Ebr = épsilon
              [0048, 0023] (0055, DO                  ) {do}
              [0048, 0023] (0038, FEC_PAR             ) {)}
           Escopo = 'abrCh' Comandos 'FecCh
              [0048, 0024] (0035, ABR_CH              ) {{}
  49        put('%d\n', vetor[i]);

           Comandos = Cmd Comandos
           Cmd = Put
           Put = 'put' 'abrPar' 'simpleAsp' 'cadCaracter' 'simpleAsp' 'sepVir' Putr 'fecPar' 'sepPVirg
              [0049, 0010] (0027, PUT                 ) {put}
              [0049, 0010] (0037, ABR_PAR             ) {(}
              [0049, 0011] (0043, SIMPLE_ASP          ) {'}
              [0049, 0012] (0047, CAD_CARACTER        ) {%d\n}
              [0049, 0016] (0043, SIMPLE_ASP          ) {'}
              [0049, 0017] (0041, SEP_VIRG            ) {,}
          Putr = E
           E = Eb Ebr
           Eb = Tb Ebr
           Tb = Fb Tbr
           Fb = RelUm
           RelUm = RelDois RelUmF
           RelDois = Concat RelDoisF
           Concat = Ea ConcatR
           Ea = Ta Ear
           Ta = Unario Tar
           Unario = Fa
           Fa = 'Id' Far
              [0049, 0024] (0044, ID                  ) {vetor}
           Far = VectorF
           VectorF = 'abrCoc' e 'fecCoc'
              [0049, 0024] (0039, ABR_COC             ) {[}
           E = Eb Ebr
           Eb = Tb Ebr
           Tb = Fb Tbr
           Fb = RelUm
           RelUm = RelDois RelUmF
           RelDois = Concat RelDoisF
           Concat = Ea ConcatR
           Ea = Ta Ear
           Ta = Unario Tar
           Unario = Fa
           Fa = 'Id' Far
              [0049, 0026] (0044, ID                  ) {i}
           Far = VectorF
           VectorF = épsilon
           Tar = épsilon
           Ear = épsilon
           ConcatR = épsilon
           RelUmf = épsilon
           Tbr = épsilon
           Ebr = épsilon
           Ebr = épsilon
              [0049, 0026] (0040, FEC_COC             ) {]}
           Tar = épsilon
           Ear = épsilon
           ConcatR = épsilon
           RelUmf = épsilon
           Tbr = épsilon
           Ebr = épsilon
           Ebr = épsilon
              [0049, 0027] (0038, FEC_PAR             ) {)}
              [0049, 0028] (0042, SEP_P_VIRG          ) {;}
  50    }

           Comandos = épsilon
              [0050, 0003] (0036, FEC_CH              ) {}}
  51   

  52    vetor = shellsort(vetor, tam);

           Comandos = Cmd Comandos
           Cmd = 'id' CmdF 'sepPtv'
              [0052, 0008] (0044, ID                  ) {vetor}
           CmdF = Atribuicao
           Atribuicao = 'atribuicao' e
              [0052, 0009] (0017, ATRIBUICAO          ) {=}
           E = Eb Ebr
           Eb = Tb Ebr
           Tb = Fb Tbr
           Fb = RelUm
           RelUm = RelDois RelUmF
           RelDois = Concat RelDoisF
           Concat = Ea ConcatR
           Ea = Ta Ear
           Ta = Unario Tar
           Unario = Fa
           Fa = 'Id' Far
              [0052, 0020] (0044, ID                  ) {shellsort}
           Far = 'abrPar' ChamadaFuncao
           ChamadaFuncao = 'abrPar' Lchamada 'fecPar'
              [0052, 0020] (0037, ABR_PAR             ) {(}
           Lchamada = e lchamdaf
           E = Eb Ebr
           Eb = Tb Ebr
           Tb = Fb Tbr
           Fb = RelUm
           RelUm = RelDois RelUmF
           RelDois = Concat RelDoisF
           Concat = Ea ConcatR
           Ea = Ta Ear
           Ta = Unario Tar
           Unario = Fa
           Fa = 'Id' Far
              [0052, 0026] (0044, ID                  ) {vetor}
           Far = VectorF
           VectorF = épsilon
           Tar = épsilon
           Ear = épsilon
           ConcatR = épsilon
           RelUmf = épsilon
           Tbr = épsilon
           Ebr = épsilon
           Ebr = épsilon
           LchamadaF = 'sepVir' e Lchamda f
           E = Eb Ebr
           Eb = Tb Ebr
           Tb = Fb Tbr
           Fb = RelUm
           RelUm = RelDois RelUmF
           RelDois = Concat RelDoisF
           Concat = Ea ConcatR
           Ea = Ta Ear
           Ta = Unario Tar
           Unario = Fa
           Fa = 'Id' Far
              [0052, 0031] (0044, ID                  ) {tam}
           Far = VectorF
           VectorF = épsilon
           Tar = épsilon
           Ear = épsilon
           ConcatR = épsilon
           RelUmf = épsilon
           Tbr = épsilon
           Ebr = épsilon
           Ebr = épsilon
           LchamadaF = épsilon
              [0052, 0031] (0038, FEC_PAR             ) {)}
           Tar = épsilon
           Ear = épsilon
           ConcatR = épsilon
           RelUmf = épsilon
           Tbr = épsilon
           Ebr = épsilon
           Ebr = épsilon
              [0052, 0032] (0042, SEP_P_VIRG          ) {;}
  53 

  54    for(i in 1 to tam do){

           Comandos = Cmd Comandos
           Cmd = For
           For = 'for' 'abrPar' NomeVar 'in' E 'to' E 'do' Escopo
              [0054, 0006] (0021, FOR                 ) {for}
              [0054, 0006] (0037, ABR_PAR             ) {(}
           NomeVar = 'id' VectorF
              [0054, 0008] (0044, ID                  ) {i}
           VectorF = épsilon
              [0054, 0011] (0053, IN                  ) {in}
           E = Eb Ebr
           Eb = Tb Ebr
           Tb = Fb Tbr
           Fb = RelUm
           RelUm = RelDois RelUmF
           RelDois = Concat RelDoisF
           Concat = Ea ConcatR
           Ea = Ta Ear
           Ta = Unario Tar
           Unario = Fa
           Fa = 'constInt'
              [0054, 0013] (0048, CONST_INT           ) {1}
           Tar = épsilon
           Ear = épsilon
           ConcatR = épsilon
           RelUmf = épsilon
           Tbr = épsilon
           Ebr = épsilon
           Ebr = épsilon
              [0054, 0016] (0054, TO                  ) {to}
           E = Eb Ebr
           Eb = Tb Ebr
           Tb = Fb Tbr
           Fb = RelUm
           RelUm = RelDois RelUmF
           RelDois = Concat RelDoisF
           Concat = Ea ConcatR
           Ea = Ta Ear
           Ta = Unario Tar
           Unario = Fa
           Fa = 'Id' Far
              [0054, 0020] (0044, ID                  ) {tam}
           Far = VectorF
           VectorF = épsilon
           Tar = épsilon
           Ear = épsilon
           ConcatR = épsilon
           RelUmf = épsilon
           Tbr = épsilon
           Ebr = épsilon
           Ebr = épsilon
              [0054, 0023] (0055, DO                  ) {do}
              [0054, 0023] (0038, FEC_PAR             ) {)}
           Escopo = 'abrCh' Comandos 'FecCh
              [0054, 0024] (0035, ABR_CH              ) {{}
  55        put('%d\n', vetor[i]);

           Comandos = Cmd Comandos
           Cmd = Put
           Put = 'put' 'abrPar' 'simpleAsp' 'cadCaracter' 'simpleAsp' 'sepVir' Putr 'fecPar' 'sepPVirg
              [0055, 0010] (0027, PUT                 ) {put}
              [0055, 0010] (0037, ABR_PAR             ) {(}
              [0055, 0011] (0043, SIMPLE_ASP          ) {'}
              [0055, 0012] (0047, CAD_CARACTER        ) {%d\n}
              [0055, 0016] (0043, SIMPLE_ASP          ) {'}
              [0055, 0017] (0041, SEP_VIRG            ) {,}
          Putr = E
           E = Eb Ebr
           Eb = Tb Ebr
           Tb = Fb Tbr
           Fb = RelUm
           RelUm = RelDois RelUmF
           RelDois = Concat RelDoisF
           Concat = Ea ConcatR
           Ea = Ta Ear
           Ta = Unario Tar
           Unario = Fa
           Fa = 'Id' Far
              [0055, 0024] (0044, ID                  ) {vetor}
           Far = VectorF
           VectorF = 'abrCoc' e 'fecCoc'
              [0055, 0024] (0039, ABR_COC             ) {[}
           E = Eb Ebr
           Eb = Tb Ebr
           Tb = Fb Tbr
           Fb = RelUm
           RelUm = RelDois RelUmF
           RelDois = Concat RelDoisF
           Concat = Ea ConcatR
           Ea = Ta Ear
           Ta = Unario Tar
           Unario = Fa
           Fa = 'Id' Far
              [0055, 0026] (0044, ID                  ) {i}
           Far = VectorF
           VectorF = épsilon
           Tar = épsilon
           Ear = épsilon
           ConcatR = épsilon
           RelUmf = épsilon
           Tbr = épsilon
           Ebr = épsilon
           Ebr = épsilon
              [0055, 0026] (0040, FEC_COC             ) {]}
           Tar = épsilon
           Ear = épsilon
           ConcatR = épsilon
           RelUmf = épsilon
           Tbr = épsilon
           Ebr = épsilon
           Ebr = épsilon
              [0055, 0027] (0038, FEC_PAR             ) {)}
              [0055, 0028] (0042, SEP_P_VIRG          ) {;}
  56    }

           Comandos = épsilon
              [0056, 0003] (0036, FEC_CH              ) {}}
  57   

  58 }

           Comandos = épsilon
              [0058, 0000] (0036, FEC_CH              ) {}}
  59 
============================= Fim ===============================
